<?xml version="1.0" encoding="UTF-8"?>
<testng-results ignored="0" total="12" passed="12" failed="0" skipped="0">
  <reporter-output>
  </reporter-output>
  <suite started-at="2022-03-10T21:55:19 IST" name="Suite" finished-at="2022-03-10T22:03:55 IST" duration-ms="515818">
    <groups>
    </groups>
    <test started-at="2022-03-10T21:55:19 IST" name="ChromeTest" finished-at="2022-03-10T21:58:32 IST" duration-ms="192871">
      <class name="pack123.VerifyApplicationHeaders">
        <test-method is-config="true" signature="launchTheBrowser(java.lang.String)[pri:0, instance:pack123.VerifyApplicationHeaders@71def8f8]" started-at="2022-03-10T21:55:19 IST" name="launchTheBrowser" finished-at="2022-03-10T21:55:46 IST" duration-ms="27701" status="PASS">
          <params>
            <param index="0">
              <value>
                <![CDATA[Chrome]]>
              </value>
            </param>
          </params>
          <reporter-output>
          </reporter-output>
        </test-method> <!-- launchTheBrowser -->
        <test-method is-config="true" signature="createObjectOfPOMClasses()[pri:0, instance:pack123.VerifyApplicationHeaders@71def8f8]" started-at="2022-03-10T21:55:53 IST" name="createObjectOfPOMClasses" finished-at="2022-03-10T21:55:54 IST" duration-ms="647" status="PASS">
          <reporter-output>
          </reporter-output>
        </test-method> <!-- createObjectOfPOMClasses -->
        <test-method is-config="true" signature="loginToApplication()[pri:0, instance:pack123.VerifyApplicationHeaders@71def8f8]" started-at="2022-03-10T21:55:54 IST" name="loginToApplication" finished-at="2022-03-10T21:57:06 IST" duration-ms="72100" status="PASS">
          <reporter-output>
          </reporter-output>
        </test-method> <!-- loginToApplication -->
        <test-method signature="verifyTaskTabFunctionality()[pri:0, instance:pack123.VerifyApplicationHeaders@71def8f8]" started-at="2022-03-10T21:57:06 IST" name="verifyTaskTabFunctionality" finished-at="2022-03-10T21:57:57 IST" duration-ms="51307" status="PASS">
          <reporter-output>
          </reporter-output>
        </test-method> <!-- verifyTaskTabFunctionality -->
        <test-method is-config="true" signature="logout()[pri:0, instance:pack123.VerifyApplicationHeaders@71def8f8]" started-at="2022-03-10T21:57:57 IST" name="logout" finished-at="2022-03-10T21:58:00 IST" duration-ms="3078" status="PASS">
          <reporter-output>
          </reporter-output>
        </test-method> <!-- logout -->
        <test-method is-config="true" signature="loginToApplication()[pri:0, instance:pack123.VerifyApplicationHeaders@71def8f8]" started-at="2022-03-10T21:58:00 IST" name="loginToApplication" finished-at="2022-03-10T21:58:02 IST" duration-ms="1535" status="PASS">
          <reporter-output>
          </reporter-output>
        </test-method> <!-- loginToApplication -->
        <test-method signature="verifyUsersTabFunctionality()[pri:0, instance:pack123.VerifyApplicationHeaders@71def8f8]" started-at="2022-03-10T21:58:02 IST" name="verifyUsersTabFunctionality" finished-at="2022-03-10T21:58:26 IST" duration-ms="24321" status="PASS">
          <reporter-output>
          </reporter-output>
        </test-method> <!-- verifyUsersTabFunctionality -->
        <test-method is-config="true" signature="logout()[pri:0, instance:pack123.VerifyApplicationHeaders@71def8f8]" started-at="2022-03-10T21:58:26 IST" name="logout" finished-at="2022-03-10T21:58:28 IST" duration-ms="1871" status="PASS">
          <reporter-output>
          </reporter-output>
        </test-method> <!-- logout -->
        <test-method is-config="true" signature="clearPOMObject()[pri:0, instance:pack123.VerifyApplicationHeaders@71def8f8]" started-at="2022-03-10T21:58:28 IST" name="clearPOMObject" finished-at="2022-03-10T21:58:28 IST" duration-ms="0" status="PASS">
          <reporter-output>
          </reporter-output>
        </test-method> <!-- clearPOMObject -->
        <test-method is-config="true" signature="closeBrowser()[pri:0, instance:pack123.VerifyApplicationHeaders@71def8f8]" started-at="2022-03-10T21:58:28 IST" name="closeBrowser" finished-at="2022-03-10T21:58:31 IST" duration-ms="2044" status="PASS">
          <reporter-output>
          </reporter-output>
        </test-method> <!-- closeBrowser -->
      </class> <!-- pack123.VerifyApplicationHeaders -->
      <class name="pack123.VerifyTaskTabAndTimeTrackFunctionality">
        <test-method is-config="true" signature="launchTheBrowser(java.lang.String)[pri:0, instance:pack123.VerifyTaskTabAndTimeTrackFunctionality@73e22a3d]" started-at="2022-03-10T21:55:46 IST" name="launchTheBrowser" finished-at="2022-03-10T21:55:52 IST" duration-ms="6016" status="PASS">
          <params>
            <param index="0">
              <value>
                <![CDATA[Chrome]]>
              </value>
            </param>
          </params>
          <reporter-output>
          </reporter-output>
        </test-method> <!-- launchTheBrowser -->
        <test-method is-config="true" signature="creatObjectOfPOMClasses()[pri:0, instance:pack123.VerifyTaskTabAndTimeTrackFunctionality@73e22a3d]" started-at="2022-03-10T21:55:53 IST" name="creatObjectOfPOMClasses" finished-at="2022-03-10T21:55:54 IST" duration-ms="760" status="PASS">
          <reporter-output>
          </reporter-output>
        </test-method> <!-- creatObjectOfPOMClasses -->
        <test-method is-config="true" signature="loginToApplication()[pri:0, instance:pack123.VerifyTaskTabAndTimeTrackFunctionality@73e22a3d]" started-at="2022-03-10T21:55:54 IST" name="loginToApplication" finished-at="2022-03-10T21:57:06 IST" duration-ms="72002" status="PASS">
          <reporter-output>
          </reporter-output>
        </test-method> <!-- loginToApplication -->
        <test-method signature="verifyTaskTabFunctionality()[pri:0, instance:pack123.VerifyTaskTabAndTimeTrackFunctionality@73e22a3d]" started-at="2022-03-10T21:57:06 IST" name="verifyTaskTabFunctionality" finished-at="2022-03-10T21:58:21 IST" duration-ms="75050" status="PASS">
          <reporter-output>
          </reporter-output>
        </test-method> <!-- verifyTaskTabFunctionality -->
        <test-method is-config="true" signature="logout()[pri:0, instance:pack123.VerifyTaskTabAndTimeTrackFunctionality@73e22a3d]" started-at="2022-03-10T21:58:21 IST" name="logout" finished-at="2022-03-10T21:58:23 IST" duration-ms="1712" status="PASS">
          <reporter-output>
          </reporter-output>
        </test-method> <!-- logout -->
        <test-method is-config="true" signature="loginToApplication()[pri:0, instance:pack123.VerifyTaskTabAndTimeTrackFunctionality@73e22a3d]" started-at="2022-03-10T21:58:23 IST" name="loginToApplication" finished-at="2022-03-10T21:58:24 IST" duration-ms="1063" status="PASS">
          <reporter-output>
          </reporter-output>
        </test-method> <!-- loginToApplication -->
        <test-method signature="verifyTimeTrackTabFunctionality()[pri:0, instance:pack123.VerifyTaskTabAndTimeTrackFunctionality@73e22a3d]" started-at="2022-03-10T21:58:24 IST" name="verifyTimeTrackTabFunctionality" finished-at="2022-03-10T21:58:27 IST" duration-ms="3615" status="PASS">
          <reporter-output>
          </reporter-output>
        </test-method> <!-- verifyTimeTrackTabFunctionality -->
        <test-method is-config="true" signature="logout()[pri:0, instance:pack123.VerifyTaskTabAndTimeTrackFunctionality@73e22a3d]" started-at="2022-03-10T21:58:27 IST" name="logout" finished-at="2022-03-10T21:58:28 IST" duration-ms="1168" status="PASS">
          <reporter-output>
          </reporter-output>
        </test-method> <!-- logout -->
        <test-method is-config="true" signature="clearPOMObject()[pri:0, instance:pack123.VerifyTaskTabAndTimeTrackFunctionality@73e22a3d]" started-at="2022-03-10T21:58:28 IST" name="clearPOMObject" finished-at="2022-03-10T21:58:28 IST" duration-ms="1" status="PASS">
          <reporter-output>
          </reporter-output>
        </test-method> <!-- clearPOMObject -->
        <test-method is-config="true" signature="closeBrowser()[pri:0, instance:pack123.VerifyTaskTabAndTimeTrackFunctionality@73e22a3d]" started-at="2022-03-10T21:58:31 IST" name="closeBrowser" finished-at="2022-03-10T21:58:32 IST" duration-ms="1043" status="PASS">
          <reporter-output>
          </reporter-output>
        </test-method> <!-- closeBrowser -->
      </class> <!-- pack123.VerifyTaskTabAndTimeTrackFunctionality -->
    </test> <!-- ChromeTest -->
    <test started-at="2022-03-10T21:58:32 IST" name="OperaTest" finished-at="2022-03-10T22:00:43 IST" duration-ms="130883">
      <class name="pack123.VerifyApplicationHeaders">
        <test-method is-config="true" signature="launchTheBrowser(java.lang.String)[pri:0, instance:pack123.VerifyApplicationHeaders@194bcebf]" started-at="2022-03-10T21:58:32 IST" name="launchTheBrowser" finished-at="2022-03-10T21:58:56 IST" duration-ms="23909" status="PASS">
          <params>
            <param index="0">
              <value>
                <![CDATA[Opera]]>
              </value>
            </param>
          </params>
          <reporter-output>
          </reporter-output>
        </test-method> <!-- launchTheBrowser -->
        <test-method is-config="true" signature="createObjectOfPOMClasses()[pri:0, instance:pack123.VerifyApplicationHeaders@194bcebf]" started-at="2022-03-10T21:59:11 IST" name="createObjectOfPOMClasses" finished-at="2022-03-10T21:59:11 IST" duration-ms="2" status="PASS">
          <reporter-output>
          </reporter-output>
        </test-method> <!-- createObjectOfPOMClasses -->
        <test-method is-config="true" signature="loginToApplication()[pri:0, instance:pack123.VerifyApplicationHeaders@194bcebf]" started-at="2022-03-10T21:59:11 IST" name="loginToApplication" finished-at="2022-03-10T21:59:32 IST" duration-ms="20072" status="PASS">
          <reporter-output>
          </reporter-output>
        </test-method> <!-- loginToApplication -->
        <test-method signature="verifyTaskTabFunctionality()[pri:0, instance:pack123.VerifyApplicationHeaders@194bcebf]" started-at="2022-03-10T21:59:32 IST" name="verifyTaskTabFunctionality" finished-at="2022-03-10T22:00:03 IST" duration-ms="31923" status="PASS">
          <reporter-output>
          </reporter-output>
        </test-method> <!-- verifyTaskTabFunctionality -->
        <test-method is-config="true" signature="logout()[pri:0, instance:pack123.VerifyApplicationHeaders@194bcebf]" started-at="2022-03-10T22:00:03 IST" name="logout" finished-at="2022-03-10T22:00:19 IST" duration-ms="15653" status="PASS">
          <reporter-output>
          </reporter-output>
        </test-method> <!-- logout -->
        <test-method is-config="true" signature="loginToApplication()[pri:0, instance:pack123.VerifyApplicationHeaders@194bcebf]" started-at="2022-03-10T22:00:19 IST" name="loginToApplication" finished-at="2022-03-10T22:00:21 IST" duration-ms="2030" status="PASS">
          <reporter-output>
          </reporter-output>
        </test-method> <!-- loginToApplication -->
        <test-method signature="verifyUsersTabFunctionality()[pri:0, instance:pack123.VerifyApplicationHeaders@194bcebf]" started-at="2022-03-10T22:00:21 IST" name="verifyUsersTabFunctionality" finished-at="2022-03-10T22:00:33 IST" duration-ms="11770" status="PASS">
          <reporter-output>
          </reporter-output>
        </test-method> <!-- verifyUsersTabFunctionality -->
        <test-method is-config="true" signature="logout()[pri:0, instance:pack123.VerifyApplicationHeaders@194bcebf]" started-at="2022-03-10T22:00:33 IST" name="logout" finished-at="2022-03-10T22:00:33 IST" duration-ms="480" status="PASS">
          <reporter-output>
          </reporter-output>
        </test-method> <!-- logout -->
        <test-method is-config="true" signature="clearPOMObject()[pri:0, instance:pack123.VerifyApplicationHeaders@194bcebf]" started-at="2022-03-10T22:00:33 IST" name="clearPOMObject" finished-at="2022-03-10T22:00:33 IST" duration-ms="1" status="PASS">
          <reporter-output>
          </reporter-output>
        </test-method> <!-- clearPOMObject -->
        <test-method is-config="true" signature="closeBrowser()[pri:0, instance:pack123.VerifyApplicationHeaders@194bcebf]" started-at="2022-03-10T22:00:33 IST" name="closeBrowser" finished-at="2022-03-10T22:00:41 IST" duration-ms="7596" status="PASS">
          <reporter-output>
          </reporter-output>
        </test-method> <!-- closeBrowser -->
      </class> <!-- pack123.VerifyApplicationHeaders -->
      <class name="pack123.VerifyTaskTabAndTimeTrackFunctionality">
        <test-method is-config="true" signature="launchTheBrowser(java.lang.String)[pri:0, instance:pack123.VerifyTaskTabAndTimeTrackFunctionality@4803b726]" started-at="2022-03-10T21:58:56 IST" name="launchTheBrowser" finished-at="2022-03-10T21:59:11 IST" duration-ms="15040" status="PASS">
          <params>
            <param index="0">
              <value>
                <![CDATA[Opera]]>
              </value>
            </param>
          </params>
          <reporter-output>
          </reporter-output>
        </test-method> <!-- launchTheBrowser -->
        <test-method is-config="true" signature="creatObjectOfPOMClasses()[pri:0, instance:pack123.VerifyTaskTabAndTimeTrackFunctionality@4803b726]" started-at="2022-03-10T21:59:11 IST" name="creatObjectOfPOMClasses" finished-at="2022-03-10T21:59:11 IST" duration-ms="4" status="PASS">
          <reporter-output>
          </reporter-output>
        </test-method> <!-- creatObjectOfPOMClasses -->
        <test-method is-config="true" signature="loginToApplication()[pri:0, instance:pack123.VerifyTaskTabAndTimeTrackFunctionality@4803b726]" started-at="2022-03-10T21:59:11 IST" name="loginToApplication" finished-at="2022-03-10T21:59:32 IST" duration-ms="20052" status="PASS">
          <reporter-output>
          </reporter-output>
        </test-method> <!-- loginToApplication -->
        <test-method signature="verifyTaskTabFunctionality()[pri:0, instance:pack123.VerifyTaskTabAndTimeTrackFunctionality@4803b726]" started-at="2022-03-10T21:59:32 IST" name="verifyTaskTabFunctionality" finished-at="2022-03-10T22:00:15 IST" duration-ms="43930" status="PASS">
          <reporter-output>
          </reporter-output>
        </test-method> <!-- verifyTaskTabFunctionality -->
        <test-method is-config="true" signature="logout()[pri:0, instance:pack123.VerifyTaskTabAndTimeTrackFunctionality@4803b726]" started-at="2022-03-10T22:00:15 IST" name="logout" finished-at="2022-03-10T22:00:20 IST" duration-ms="4233" status="PASS">
          <reporter-output>
          </reporter-output>
        </test-method> <!-- logout -->
        <test-method is-config="true" signature="loginToApplication()[pri:0, instance:pack123.VerifyTaskTabAndTimeTrackFunctionality@4803b726]" started-at="2022-03-10T22:00:20 IST" name="loginToApplication" finished-at="2022-03-10T22:00:21 IST" duration-ms="1504" status="PASS">
          <reporter-output>
          </reporter-output>
        </test-method> <!-- loginToApplication -->
        <test-method signature="verifyTimeTrackTabFunctionality()[pri:0, instance:pack123.VerifyTaskTabAndTimeTrackFunctionality@4803b726]" started-at="2022-03-10T22:00:21 IST" name="verifyTimeTrackTabFunctionality" finished-at="2022-03-10T22:00:31 IST" duration-ms="10302" status="PASS">
          <reporter-output>
          </reporter-output>
        </test-method> <!-- verifyTimeTrackTabFunctionality -->
        <test-method is-config="true" signature="logout()[pri:0, instance:pack123.VerifyTaskTabAndTimeTrackFunctionality@4803b726]" started-at="2022-03-10T22:00:31 IST" name="logout" finished-at="2022-03-10T22:00:32 IST" duration-ms="476" status="PASS">
          <reporter-output>
          </reporter-output>
        </test-method> <!-- logout -->
        <test-method is-config="true" signature="clearPOMObject()[pri:0, instance:pack123.VerifyTaskTabAndTimeTrackFunctionality@4803b726]" started-at="2022-03-10T22:00:32 IST" name="clearPOMObject" finished-at="2022-03-10T22:00:32 IST" duration-ms="0" status="PASS">
          <reporter-output>
          </reporter-output>
        </test-method> <!-- clearPOMObject -->
        <test-method is-config="true" signature="closeBrowser()[pri:0, instance:pack123.VerifyTaskTabAndTimeTrackFunctionality@4803b726]" started-at="2022-03-10T22:00:41 IST" name="closeBrowser" finished-at="2022-03-10T22:00:43 IST" duration-ms="2387" status="PASS">
          <reporter-output>
          </reporter-output>
        </test-method> <!-- closeBrowser -->
      </class> <!-- pack123.VerifyTaskTabAndTimeTrackFunctionality -->
    </test> <!-- OperaTest -->
    <test started-at="2022-03-10T22:00:44 IST" name="FirefoxTest" finished-at="2022-03-10T22:03:55 IST" duration-ms="190924">
      <class name="pack123.VerifyApplicationHeaders">
        <test-method is-config="true" signature="launchTheBrowser(java.lang.String)[pri:0, instance:pack123.VerifyApplicationHeaders@3e11f9e9]" started-at="2022-03-10T22:00:44 IST" name="launchTheBrowser" finished-at="2022-03-10T22:01:49 IST" duration-ms="65820" status="PASS">
          <params>
            <param index="0">
              <value>
                <![CDATA[Firefox]]>
              </value>
            </param>
          </params>
          <reporter-output>
          </reporter-output>
        </test-method> <!-- launchTheBrowser -->
        <test-method is-config="true" signature="createObjectOfPOMClasses()[pri:0, instance:pack123.VerifyApplicationHeaders@3e11f9e9]" started-at="2022-03-10T22:02:06 IST" name="createObjectOfPOMClasses" finished-at="2022-03-10T22:02:06 IST" duration-ms="1" status="PASS">
          <reporter-output>
          </reporter-output>
        </test-method> <!-- createObjectOfPOMClasses -->
        <test-method is-config="true" signature="loginToApplication()[pri:0, instance:pack123.VerifyApplicationHeaders@3e11f9e9]" started-at="2022-03-10T22:02:06 IST" name="loginToApplication" finished-at="2022-03-10T22:02:43 IST" duration-ms="37165" status="PASS">
          <reporter-output>
          </reporter-output>
        </test-method> <!-- loginToApplication -->
        <test-method signature="verifyTaskTabFunctionality()[pri:0, instance:pack123.VerifyApplicationHeaders@3e11f9e9]" started-at="2022-03-10T22:02:43 IST" name="verifyTaskTabFunctionality" finished-at="2022-03-10T22:03:02 IST" duration-ms="18673" status="PASS">
          <reporter-output>
          </reporter-output>
        </test-method> <!-- verifyTaskTabFunctionality -->
        <test-method is-config="true" signature="logout()[pri:0, instance:pack123.VerifyApplicationHeaders@3e11f9e9]" started-at="2022-03-10T22:03:02 IST" name="logout" finished-at="2022-03-10T22:03:11 IST" duration-ms="9160" status="PASS">
          <reporter-output>
          </reporter-output>
        </test-method> <!-- logout -->
        <test-method is-config="true" signature="loginToApplication()[pri:0, instance:pack123.VerifyApplicationHeaders@3e11f9e9]" started-at="2022-03-10T22:03:11 IST" name="loginToApplication" finished-at="2022-03-10T22:03:20 IST" duration-ms="9386" status="PASS">
          <reporter-output>
          </reporter-output>
        </test-method> <!-- loginToApplication -->
        <test-method signature="verifyUsersTabFunctionality()[pri:0, instance:pack123.VerifyApplicationHeaders@3e11f9e9]" started-at="2022-03-10T22:03:20 IST" name="verifyUsersTabFunctionality" finished-at="2022-03-10T22:03:32 IST" duration-ms="12203" status="PASS">
          <reporter-output>
          </reporter-output>
        </test-method> <!-- verifyUsersTabFunctionality -->
        <test-method is-config="true" signature="logout()[pri:0, instance:pack123.VerifyApplicationHeaders@3e11f9e9]" started-at="2022-03-10T22:03:32 IST" name="logout" finished-at="2022-03-10T22:03:34 IST" duration-ms="1131" status="PASS">
          <reporter-output>
          </reporter-output>
        </test-method> <!-- logout -->
        <test-method is-config="true" signature="clearPOMObject()[pri:0, instance:pack123.VerifyApplicationHeaders@3e11f9e9]" started-at="2022-03-10T22:03:34 IST" name="clearPOMObject" finished-at="2022-03-10T22:03:34 IST" duration-ms="0" status="PASS">
          <reporter-output>
          </reporter-output>
        </test-method> <!-- clearPOMObject -->
        <test-method is-config="true" signature="closeBrowser()[pri:0, instance:pack123.VerifyApplicationHeaders@3e11f9e9]" started-at="2022-03-10T22:03:34 IST" name="closeBrowser" finished-at="2022-03-10T22:03:47 IST" duration-ms="13557" status="PASS">
          <reporter-output>
          </reporter-output>
        </test-method> <!-- closeBrowser -->
      </class> <!-- pack123.VerifyApplicationHeaders -->
      <class name="pack123.VerifyTaskTabAndTimeTrackFunctionality">
        <test-method is-config="true" signature="launchTheBrowser(java.lang.String)[pri:0, instance:pack123.VerifyTaskTabAndTimeTrackFunctionality@1de5f259]" started-at="2022-03-10T22:01:49 IST" name="launchTheBrowser" finished-at="2022-03-10T22:02:06 IST" duration-ms="16407" status="PASS">
          <params>
            <param index="0">
              <value>
                <![CDATA[Firefox]]>
              </value>
            </param>
          </params>
          <reporter-output>
          </reporter-output>
        </test-method> <!-- launchTheBrowser -->
        <test-method is-config="true" signature="creatObjectOfPOMClasses()[pri:0, instance:pack123.VerifyTaskTabAndTimeTrackFunctionality@1de5f259]" started-at="2022-03-10T22:02:06 IST" name="creatObjectOfPOMClasses" finished-at="2022-03-10T22:02:06 IST" duration-ms="2" status="PASS">
          <reporter-output>
          </reporter-output>
        </test-method> <!-- creatObjectOfPOMClasses -->
        <test-method is-config="true" signature="loginToApplication()[pri:0, instance:pack123.VerifyTaskTabAndTimeTrackFunctionality@1de5f259]" started-at="2022-03-10T22:02:06 IST" name="loginToApplication" finished-at="2022-03-10T22:02:38 IST" duration-ms="32426" status="PASS">
          <reporter-output>
          </reporter-output>
        </test-method> <!-- loginToApplication -->
        <test-method signature="verifyTaskTabFunctionality()[pri:0, instance:pack123.VerifyTaskTabAndTimeTrackFunctionality@1de5f259]" started-at="2022-03-10T22:02:38 IST" name="verifyTaskTabFunctionality" finished-at="2022-03-10T22:03:14 IST" duration-ms="35592" status="PASS">
          <reporter-output>
          </reporter-output>
        </test-method> <!-- verifyTaskTabFunctionality -->
        <test-method is-config="true" signature="logout()[pri:0, instance:pack123.VerifyTaskTabAndTimeTrackFunctionality@1de5f259]" started-at="2022-03-10T22:03:14 IST" name="logout" finished-at="2022-03-10T22:03:16 IST" duration-ms="2613" status="PASS">
          <reporter-output>
          </reporter-output>
        </test-method> <!-- logout -->
        <test-method is-config="true" signature="loginToApplication()[pri:0, instance:pack123.VerifyTaskTabAndTimeTrackFunctionality@1de5f259]" started-at="2022-03-10T22:03:16 IST" name="loginToApplication" finished-at="2022-03-10T22:03:24 IST" duration-ms="8029" status="PASS">
          <reporter-output>
          </reporter-output>
        </test-method> <!-- loginToApplication -->
        <test-method signature="verifyTimeTrackTabFunctionality()[pri:0, instance:pack123.VerifyTaskTabAndTimeTrackFunctionality@1de5f259]" started-at="2022-03-10T22:03:24 IST" name="verifyTimeTrackTabFunctionality" finished-at="2022-03-10T22:03:32 IST" duration-ms="7884" status="PASS">
          <reporter-output>
          </reporter-output>
        </test-method> <!-- verifyTimeTrackTabFunctionality -->
        <test-method is-config="true" signature="logout()[pri:0, instance:pack123.VerifyTaskTabAndTimeTrackFunctionality@1de5f259]" started-at="2022-03-10T22:03:32 IST" name="logout" finished-at="2022-03-10T22:03:34 IST" duration-ms="1160" status="PASS">
          <reporter-output>
          </reporter-output>
        </test-method> <!-- logout -->
        <test-method is-config="true" signature="clearPOMObject()[pri:0, instance:pack123.VerifyTaskTabAndTimeTrackFunctionality@1de5f259]" started-at="2022-03-10T22:03:34 IST" name="clearPOMObject" finished-at="2022-03-10T22:03:34 IST" duration-ms="0" status="PASS">
          <reporter-output>
          </reporter-output>
        </test-method> <!-- clearPOMObject -->
        <test-method is-config="true" signature="closeBrowser()[pri:0, instance:pack123.VerifyTaskTabAndTimeTrackFunctionality@1de5f259]" started-at="2022-03-10T22:03:47 IST" name="closeBrowser" finished-at="2022-03-10T22:03:55 IST" duration-ms="7408" status="PASS">
          <reporter-output>
          </reporter-output>
        </test-method> <!-- closeBrowser -->
      </class> <!-- pack123.VerifyTaskTabAndTimeTrackFunctionality -->
    </test> <!-- FirefoxTest -->
  </suite> <!-- Suite -->
</testng-results>
