<?xml version="1.0" encoding="UTF-8"?>
<!-- Generated by org.testng.reporters.JUnitXMLReporter -->
<testsuite ignored="0" hostname="DESKTOP-9NBI2B1" failures="0" tests="5" name="IETest" time="0.105" errors="0" timestamp="2022-03-01T11:35:26 IST">
  <testcase classname="testClasses.VerifyAllTabsComesUnderBankManager" name="@BeforeTest lauchBrowser" time="0.043">
    <failure type="java.lang.IllegalStateException" message="The path to the driver executable must be set by the webdriver.ie.driver system property; for more information, see https://github.com/SeleniumHQ/selenium/wiki/InternetExplorerDriver. The latest version can be downloaded from http://selenium-release.storage.googleapis.com/index.html">
      <![CDATA[java.lang.IllegalStateException: The path to the driver executable must be set by the webdriver.ie.driver system property; for more information, see https://github.com/SeleniumHQ/selenium/wiki/InternetExplorerDriver. The latest version can be downloaded from http://selenium-release.storage.googleapis.com/index.html
at com.google.common.base.Preconditions.checkState(Preconditions.java:847)
at org.openqa.selenium.remote.service.DriverService.findExecutable(DriverService.java:134)
at org.openqa.selenium.ie.InternetExplorerDriverService.access$000(InternetExplorerDriverService.java:35)
at org.openqa.selenium.ie.InternetExplorerDriverService$Builder.findDefaultExecutable(InternetExplorerDriverService.java:175)
at org.openqa.selenium.remote.service.DriverService$Builder.build(DriverService.java:355)
at org.openqa.selenium.ie.InternetExplorerDriver.setupService(InternetExplorerDriver.java:281)
at org.openqa.selenium.ie.InternetExplorerDriver.<init>(InternetExplorerDriver.java:211)
at org.openqa.selenium.ie.InternetExplorerDriver.<init>(InternetExplorerDriver.java:150)
at testClasses.VerifyAllTabsComesUnderBankManager.lauchBrowser(VerifyAllTabsComesUnderBankManager.java:49)
... Removed 24 stack frames]]>
    </failure>
  </testcase> <!-- @BeforeTest lauchBrowser -->
  <testcase classname="testClasses.VerifyLoginTabs" name="@BeforeTest lauchBrowser" time="-1.646114726536E9">
    <skipped/>
  </testcase> <!-- @BeforeTest lauchBrowser -->
  <testcase classname="testClasses.VerifyLoginTabs" name="@BeforeClass CreateObjectsOfPOMClasses" time="-1.646114726541E9">
    <skipped/>
  </testcase> <!-- @BeforeClass CreateObjectsOfPOMClasses -->
  <testcase classname="testClasses.VerifyLoginTabs" name="@BeforeMethod lauchTheApplication" time="-1.646114726544E9">
    <skipped/>
  </testcase> <!-- @BeforeMethod lauchTheApplication -->
  <testcase classname="testClasses.VerifyLoginTabs" name="@AfterMethod gotoHomePage" time="-1.646114726549E9">
    <skipped/>
  </testcase> <!-- @AfterMethod gotoHomePage -->
  <testcase classname="testClasses.VerifyLoginTabs" name="@BeforeMethod lauchTheApplication" time="-1.646114726551E9">
    <skipped/>
  </testcase> <!-- @BeforeMethod lauchTheApplication -->
  <testcase classname="testClasses.VerifyLoginTabs" name="@AfterMethod gotoHomePage" time="-1.646114726555E9">
    <skipped/>
  </testcase> <!-- @AfterMethod gotoHomePage -->
  <testcase classname="testClasses.VerifyLoginTabs" name="@AfterClass clearPOMObjects" time="-1.646114726556E9">
    <skipped/>
  </testcase> <!-- @AfterClass clearPOMObjects -->
  <testcase classname="testClasses.VerifyAllTabsComesUnderBankManager" name="@BeforeClass createObjectsOfPOMClasses" time="-1.646114726558E9">
    <skipped/>
  </testcase> <!-- @BeforeClass createObjectsOfPOMClasses -->
  <testcase classname="testClasses.VerifyAllTabsComesUnderBankManager" name="@BeforeMethod lauchTheApplication" time="-1.64611472656E9">
    <skipped/>
  </testcase> <!-- @BeforeMethod lauchTheApplication -->
  <testcase classname="testClasses.VerifyAllTabsComesUnderBankManager" name="@AfterMethod gotoHomePage" time="-1.646114726563E9">
    <skipped/>
  </testcase> <!-- @AfterMethod gotoHomePage -->
  <testcase classname="testClasses.VerifyAllTabsComesUnderBankManager" name="@BeforeMethod lauchTheApplication" time="-1.646114726569E9">
    <skipped/>
  </testcase> <!-- @BeforeMethod lauchTheApplication -->
  <testcase classname="testClasses.VerifyAllTabsComesUnderBankManager" name="@AfterMethod gotoHomePage" time="-1.646114726576E9">
    <skipped/>
  </testcase> <!-- @AfterMethod gotoHomePage -->
  <testcase classname="testClasses.VerifyAllTabsComesUnderBankManager" name="@BeforeMethod lauchTheApplication" time="-1.646114726579E9">
    <skipped/>
  </testcase> <!-- @BeforeMethod lauchTheApplication -->
  <testcase classname="testClasses.VerifyAllTabsComesUnderBankManager" name="@AfterMethod gotoHomePage" time="-1.646114726582E9">
    <skipped/>
  </testcase> <!-- @AfterMethod gotoHomePage -->
  <testcase classname="testClasses.VerifyAllTabsComesUnderBankManager" name="@AfterClass clearPOmObjects" time="-1.646114726583E9">
    <skipped/>
  </testcase> <!-- @AfterClass clearPOmObjects -->
  <testcase classname="testClasses.VerifyAllTabsComesUnderBankManager" name="@AfterTest closeBrowser" time="-1.646114726585E9">
    <skipped/>
  </testcase> <!-- @AfterTest closeBrowser -->
  <testcase classname="testClasses.VerifyLoginTabs" name="@AfterTest closeBrowser" time="-1.646114726588E9">
    <skipped/>
  </testcase> <!-- @AfterTest closeBrowser -->
  <testcase classname="testClasses.VerifyLoginTabs" name="verifyBankManagerLoginButton" time="0.0">
    <skipped/>
  </testcase> <!-- verifyBankManagerLoginButton -->
  <testcase classname="testClasses.VerifyLoginTabs" name="verifyCustomerLoginButton" time="0.0">
    <skipped/>
  </testcase> <!-- verifyCustomerLoginButton -->
  <testcase classname="testClasses.VerifyAllTabsComesUnderBankManager" name="verifyAddCustomerTab" time="0.0">
    <skipped/>
  </testcase> <!-- verifyAddCustomerTab -->
  <testcase classname="testClasses.VerifyAllTabsComesUnderBankManager" name="verifyOpenAccountTab" time="0.0">
    <skipped/>
  </testcase> <!-- verifyOpenAccountTab -->
  <testcase classname="testClasses.VerifyAllTabsComesUnderBankManager" name="verifyCustomersTab" time="0.0">
    <skipped/>
  </testcase> <!-- verifyCustomersTab -->
</testsuite> <!-- IETest -->
