<?xml version="1.0" encoding="UTF-8"?>
<!-- Generated by org.testng.reporters.JUnitXMLReporter -->
<testsuite ignored="0" hostname="DESKTOP-9NBI2B1" failures="0" tests="4" name="ChromeTest" time="192.871" errors="0" timestamp="2022-03-10T21:58:32 IST">
  <testcase classname="pack123.VerifyApplicationHeaders" name="verifyTaskTabFunctionality" time="51.307"/>
  <testcase classname="pack123.VerifyTaskTabAndTimeTrackFunctionality" name="verifyTaskTabFunctionality" time="75.05"/>
  <testcase classname="pack123.VerifyApplicationHeaders" name="verifyUsersTabFunctionality" time="24.321"/>
  <testcase classname="pack123.VerifyTaskTabAndTimeTrackFunctionality" name="verifyTimeTrackTabFunctionality" time="3.615"/>
</testsuite> <!-- ChromeTest -->
