<?xml version="1.0" encoding="UTF-8"?>
<!-- Generated by org.testng.reporters.JUnitXMLReporter -->
<testsuite ignored="0" hostname="DESKTOP-9NBI2B1" failures="0" tests="4" name="FirefoxTest" time="190.924" errors="0" timestamp="2022-03-10T22:03:55 IST">
  <testcase classname="pack123.VerifyApplicationHeaders" name="verifyTaskTabFunctionality" time="18.673"/>
  <testcase classname="pack123.VerifyTaskTabAndTimeTrackFunctionality" name="verifyTaskTabFunctionality" time="35.592"/>
  <testcase classname="pack123.VerifyTaskTabAndTimeTrackFunctionality" name="verifyTimeTrackTabFunctionality" time="7.884"/>
  <testcase classname="pack123.VerifyApplicationHeaders" name="verifyUsersTabFunctionality" time="12.203"/>
</testsuite> <!-- FirefoxTest -->
