<?xml version="1.0" encoding="UTF-8"?>
<!-- Generated by org.testng.reporters.JUnitXMLReporter -->
<testsuite ignored="0" hostname="DESKTOP-9NBI2B1" failures="0" tests="4" name="Test" time="70.79" errors="0" timestamp="2022-02-28T13:30:52 IST">
  <testcase classname="pack123.VerifyApplicationHeaders" name="verifyTaskTabFunctionality" time="7.82"/>
  <testcase classname="pack123.VerifyApplicationHeaders" name="verifyUsersTabFunctionality" time="7.219"/>
  <testcase classname="pack123.VerifyTaskTabAndTimeTrackFunctionality" name="verifyTaskTabFunctionality" time="9.04"/>
  <testcase classname="pack123.VerifyTaskTabAndTimeTrackFunctionality" name="verifyTimeTrackTabFunctionality" time="2.871"/>
</testsuite> <!-- Test -->
