<?xml version="1.0" encoding="UTF-8"?>
<!-- Generated by org.testng.reporters.JUnitXMLReporter -->
<testsuite ignored="0" hostname="DESKTOP-9NBI2B1" failures="0" tests="4" name="Test1" time="58.79" errors="0" timestamp="2022-02-28T16:56:32 IST">
  <testcase classname="pack123.VerifyApplicationHeaders" name="verifyTaskTabFunctionality" time="10.027"/>
  <testcase classname="pack123.VerifyApplicationHeaders" name="verifyUsersTabFunctionality" time="4.255"/>
  <testcase classname="pack123.VerifyTaskTabAndTimeTrackFunctionality" name="verifyTaskTabFunctionality" time="7.191"/>
  <testcase classname="pack123.VerifyTaskTabAndTimeTrackFunctionality" name="verifyTimeTrackTabFunctionality" time="1.675"/>
</testsuite> <!-- Test1 -->
